# JRE version: Java(TM) SE Runtime Environment (9.0+11) (build 9.0.4+11)
# Java VM: Java HotSpot(TM) 64-Bit Server VM (9.0.4+11, mixed mode, tiered, compressed oops, g1 gc, windows-amd64)
Heap:
 garbage-first heap   total 157696K, used 83697K [0x0000000081e00000, 0x0000000081f004d0, 0x0000000100000000)
  region size 1024K, 56 young (57344K), 9 survivors (9216K)
 Metaspace       used 65826K, capacity 69272K, committed 69448K, reserved 1110016K
  class space    used 8602K, capacity 9176K, committed 9288K, reserved 1048576K
GC Heap History (10 events):
Event: 11.905 GC heap before
{Heap before GC invocations=8 (full 0):
 garbage-first heap   total 157696K, used 106426K [0x0000000081e00000, 0x0000000081f004d0, 0x0000000100000000)
  region size 1024K, 92 young (94208K), 7 survivors (7168K)
 Metaspace       used 39675K, capacity 41858K, committed 42108K, reserved 1085440K
  class space    used 4779K, capacity 5167K, committed 5244K, reserved 1048576K
}
Event: 11.920 GC heap after
{Heap after GC invocations=9 (full 0):
 garbage-first heap   total 157696K, used 26011K [0x0000000081e00000, 0x0000000081f004d0, 0x0000000100000000)
  region size 1024K, 12 young (12288K), 12 survivors (12288K)
 Metaspace       used 39675K, capacity 41858K, committed 42108K, reserved 1085440K
  class space    used 4779K, capacity 5167K, committed 5244K, reserved 1048576K
}
Event: 13.936 GC heap before
{Heap before GC invocations=9 (full 0):
 garbage-first heap   total 157696K, used 107931K [0x0000000081e00000, 0x0000000081f004d0, 0x0000000100000000)
  region size 1024K, 92 young (94208K), 12 survivors (12288K)
 Metaspace       used 48012K, capacity 50352K, committed 50812K, reserved 1093632K
  class space    used 6004K, capacity 6410K, committed 6524K, reserved 1048576K
}
Event: 13.957 GC heap after
{Heap after GC invocations=10 (full 0):
 garbage-first heap   total 157696K, used 32225K [0x0000000081e00000, 0x0000000081f004d0, 0x0000000100000000)
  region size 1024K, 10 young (10240K), 10 survivors (10240K)
 Metaspace       used 48012K, capacity 50352K, committed 50812K, reserved 1093632K
  class space    used 6004K, capacity 6410K, committed 6524K, reserved 1048576K
}
Event: 16.297 GC heap before
{Heap before GC invocations=10 (full 0):
 garbage-first heap   total 157696K, used 114145K [0x0000000081e00000, 0x0000000081f004d0, 0x0000000100000000)
  region size 1024K, 90 young (92160K), 10 survivors (10240K)
 Metaspace       used 56280K, capacity 58680K, committed 59004K, reserved 1099776K
  class space    used 7243K, capacity 7694K, committed 7804K, reserved 1048576K
}
Event: 16.319 GC heap after
{Heap after GC invocations=11 (full 0):
 garbage-first heap   total 157696K, used 35190K [0x0000000081e00000, 0x0000000081f004d0, 0x0000000100000000)
  region size 1024K, 9 young (9216K), 9 survivors (9216K)
 Metaspace       used 56280K, capacity 58680K, committed 59004K, reserved 1099776K
  class space    used 7243K, capacity 7694K, committed 7804K, reserved 1048576K
}
Event: 17.811 GC heap before
{Heap before GC invocations=11 (full 0):
 garbage-first heap   total 157696K, used 52598K [0x0000000081e00000, 0x0000000081f004d0, 0x0000000100000000)
  region size 1024K, 27 young (27648K), 9 survivors (9216K)
 Metaspace       used 57831K, capacity 60300K, committed 60508K, reserved 1101824K
  class space    used 7447K, capacity 7906K, committed 7932K, reserved 1048576K
}
Event: 17.819 GC heap after
{Heap after GC invocations=12 (full 0):
 garbage-first heap   total 157696K, used 30816K [0x0000000081e00000, 0x0000000081f004d0, 0x0000000100000000)
  region size 1024K, 3 young (3072K), 3 survivors (3072K)
 Metaspace       used 57831K, capacity 60300K, committed 60508K, reserved 1101824K
  class space    used 7447K, capacity 7906K, committed 7932K, reserved 1048576K
}
Event: 19.859 GC heap before
{Heap before GC invocations=13 (full 0):
 garbage-first heap   total 157696K, used 119904K [0x0000000081e00000, 0x0000000081f004d0, 0x0000000100000000)
  region size 1024K, 90 young (92160K), 3 survivors (3072K)
 Metaspace       used 63393K, capacity 66602K, committed 66760K, reserved 1107968K
  class space    used 8264K, capacity 8815K, committed 8904K, reserved 1048576K
}
Event: 19.874 GC heap after
{Heap after GC invocations=14 (full 0):
 garbage-first heap   total 157696K, used 36593K [0x0000000081e00000, 0x0000000081f004d0, 0x0000000100000000)
  region size 1024K, 9 young (9216K), 9 survivors (9216K)
 Metaspace       used 63393K, capacity 66602K, committed 66760K, reserved 1107968K
  class space    used 8264K, capacity 8815K, committed 8904K, reserved 1048576K
}

