# JRE version: Java(TM) SE Runtime Environment (9.0+11) (build 9.0.4+11)
# Java VM: Java HotSpot(TM) 64-Bit Server VM (9.0.4+11, mixed mode, tiered, compressed oops, g1 gc, windows-amd64)
Heap:
 garbage-first heap   total 157696K, used 106589K [0x0000000081e00000, 0x0000000081f004d0, 0x0000000100000000)
  region size 1024K, 83 young (84992K), 9 survivors (9216K)
 Metaspace       used 53345K, capacity 55688K, committed 56064K, reserved 1097728K
  class space    used 6718K, capacity 7134K, committed 7168K, reserved 1048576K
GC Heap History (10 events):
Event: 5.524 GC heap before
{Heap before GC invocations=4 (full 0):
 garbage-first heap   total 131072K, used 84369K [0x0000000081e00000, 0x0000000081f00400, 0x0000000100000000)
  region size 1024K, 76 young (77824K), 7 survivors (7168K)
 Metaspace       used 28559K, capacity 29836K, committed 30080K, reserved 1075200K
  class space    used 3345K, capacity 3620K, committed 3712K, reserved 1048576K
}
Event: 5.545 GC heap after
{Heap after GC invocations=5 (full 0):
 garbage-first heap   total 131072K, used 18081K [0x0000000081e00000, 0x0000000081f00400, 0x0000000100000000)
  region size 1024K, 9 young (9216K), 9 survivors (9216K)
 Metaspace       used 28559K, capacity 29836K, committed 30080K, reserved 1075200K
  class space    used 3345K, capacity 3620K, committed 3712K, reserved 1048576K
}
Event: 6.838 GC heap before
{Heap before GC invocations=5 (full 0):
 garbage-first heap   total 131072K, used 82593K [0x0000000081e00000, 0x0000000081f00400, 0x0000000100000000)
  region size 1024K, 72 young (73728K), 9 survivors (9216K)
 Metaspace       used 30273K, capacity 31730K, committed 31872K, reserved 1077248K
  class space    used 3569K, capacity 3859K, committed 3968K, reserved 1048576K
}
Event: 6.848 GC heap after
{Heap after GC invocations=6 (full 0):
 garbage-first heap   total 131072K, used 16785K [0x0000000081e00000, 0x0000000081f00400, 0x0000000100000000)
  region size 1024K, 5 young (5120K), 5 survivors (5120K)
 Metaspace       used 30273K, capacity 31730K, committed 31872K, reserved 1077248K
  class space    used 3569K, capacity 3859K, committed 3968K, reserved 1048576K
}
Event: 8.406 GC heap before
{Heap before GC invocations=6 (full 0):
 garbage-first heap   total 131072K, used 66961K [0x0000000081e00000, 0x0000000081f00400, 0x0000000100000000)
  region size 1024K, 55 young (56320K), 5 survivors (5120K)
 Metaspace       used 34013K, capacity 35710K, committed 35840K, reserved 1081344K
  class space    used 4058K, capacity 4405K, committed 4480K, reserved 1048576K
}
Event: 8.419 GC heap after
{Heap after GC invocations=7 (full 0):
 garbage-first heap   total 131072K, used 19115K [0x0000000081e00000, 0x0000000081f00400, 0x0000000100000000)
  region size 1024K, 7 young (7168K), 7 survivors (7168K)
 Metaspace       used 34013K, capacity 35710K, committed 35840K, reserved 1081344K
  class space    used 4058K, capacity 4405K, committed 4480K, reserved 1048576K
}
Event: 11.246 GC heap before
{Heap before GC invocations=8 (full 0):
 garbage-first heap   total 131072K, used 89771K [0x0000000081e00000, 0x0000000081f00400, 0x0000000100000000)
  region size 1024K, 76 young (77824K), 7 survivors (7168K)
 Metaspace       used 39030K, capacity 41196K, committed 41472K, reserved 1085440K
  class space    used 4699K, capacity 5082K, committed 5120K, reserved 1048576K
}
Event: 11.262 GC heap after
{Heap after GC invocations=9 (full 0):
 garbage-first heap   total 157696K, used 25272K [0x0000000081e00000, 0x0000000081f004d0, 0x0000000100000000)
  region size 1024K, 10 young (10240K), 10 survivors (10240K)
 Metaspace       used 39030K, capacity 41196K, committed 41472K, reserved 1085440K
  class space    used 4699K, capacity 5082K, committed 5120K, reserved 1048576K
}
Event: 13.866 GC heap before
{Heap before GC invocations=9 (full 0):
 garbage-first heap   total 157696K, used 109240K [0x0000000081e00000, 0x0000000081f004d0, 0x0000000100000000)
  region size 1024K, 92 young (94208K), 10 survivors (10240K)
 Metaspace       used 45819K, capacity 48122K, committed 48256K, reserved 1091584K
  class space    used 5585K, capacity 6015K, committed 6016K, reserved 1048576K
}
Event: 13.887 GC heap after
{Heap after GC invocations=10 (full 0):
 garbage-first heap   total 157696K, used 31837K [0x0000000081e00000, 0x0000000081f004d0, 0x0000000100000000)
  region size 1024K, 9 young (9216K), 9 survivors (9216K)
 Metaspace       used 45819K, capacity 48122K, committed 48256K, reserved 1091584K
  class space    used 5585K, capacity 6015K, committed 6016K, reserved 1048576K
}

