# JRE version: Java(TM) SE Runtime Environment (9.0+11) (build 9.0.4+11)
# Java VM: Java HotSpot(TM) 64-Bit Server VM (9.0.4+11, mixed mode, tiered, compressed oops, g1 gc, windows-amd64)
Heap:
 garbage-first heap   total 131072K, used 72945K [0x0000000081e00000, 0x0000000081f00400, 0x0000000100000000)
  region size 1024K, 65 young (66560K), 7 survivors (7168K)
 Metaspace       used 27052K, capacity 28072K, committed 28284K, reserved 1075200K
  class space    used 3149K, capacity 3380K, committed 3452K, reserved 1048576K
GC Heap History (6 events):
Event: 1.611 GC heap before
{Heap before GC invocations=0 (full 0):
 garbage-first heap   total 131072K, used 25600K [0x0000000081e00000, 0x0000000081f00400, 0x0000000100000000)
  region size 1024K, 24 young (24576K), 0 survivors (0K)
 Metaspace       used 11237K, capacity 11480K, committed 11776K, reserved 1060864K
  class space    used 1092K, capacity 1183K, committed 1280K, reserved 1048576K
}
Event: 1.621 GC heap after
{Heap after GC invocations=1 (full 0):
 garbage-first heap   total 131072K, used 8138K [0x0000000081e00000, 0x0000000081f00400, 0x0000000100000000)
  region size 1024K, 3 young (3072K), 3 survivors (3072K)
 Metaspace       used 11237K, capacity 11480K, committed 11776K, reserved 1060864K
  class space    used 1092K, capacity 1183K, committed 1280K, reserved 1048576K
}
Event: 2.012 GC heap before
{Heap before GC invocations=1 (full 0):
 garbage-first heap   total 131072K, used 28618K [0x0000000081e00000, 0x0000000081f00400, 0x0000000100000000)
  region size 1024K, 23 young (23552K), 3 survivors (3072K)
 Metaspace       used 14640K, capacity 15096K, committed 15232K, reserved 1062912K
  class space    used 1500K, capacity 1597K, committed 1664K, reserved 1048576K
}
Event: 2.021 GC heap after
{Heap after GC invocations=2 (full 0):
 garbage-first heap   total 131072K, used 10540K [0x0000000081e00000, 0x0000000081f00400, 0x0000000100000000)
  region size 1024K, 3 young (3072K), 3 survivors (3072K)
 Metaspace       used 14640K, capacity 15096K, committed 15232K, reserved 1062912K
  class space    used 1500K, capacity 1597K, committed 1664K, reserved 1048576K
}
Event: 2.724 GC heap before
{Heap before GC invocations=2 (full 0):
 garbage-first heap   total 131072K, used 54572K [0x0000000081e00000, 0x0000000081f00400, 0x0000000100000000)
  region size 1024K, 47 young (48128K), 3 survivors (3072K)
 Metaspace       used 20458K, capacity 21256K, committed 21296K, reserved 1069056K
  class space    used 2392K, capacity 2578K, committed 2608K, reserved 1048576K
}
Event: 2.738 GC heap after
{Heap after GC invocations=3 (full 0):
 garbage-first heap   total 131072K, used 14577K [0x0000000081e00000, 0x0000000081f00400, 0x0000000100000000)
  region size 1024K, 7 young (7168K), 7 survivors (7168K)
 Metaspace       used 20458K, capacity 21256K, committed 21296K, reserved 1069056K
  class space    used 2392K, capacity 2578K, committed 2608K, reserved 1048576K
}

